2022-06-01 11:16:30.900  INFO 23872 --- [  restartedMain] tpcs.TpcsApplication                     : Starting TpcsApplication using Java 1.8.0_131 on philpy with PID 23872 (D:\毕设\Code\tpcs\target\classes started by philpy in D:\毕设\Code\tpcs)
2022-06-01 11:16:30.908  INFO 23872 --- [  restartedMain] tpcs.TpcsApplication                     : The following profiles are active: dev
2022-06-01 11:16:30.991  INFO 23872 --- [  restartedMain] .e.DevToolsPropertyDefaultsPostProcessor : Devtools property defaults active! Set 'spring.devtools.add-properties' to 'false' to disable
2022-06-01 11:16:30.991  INFO 23872 --- [  restartedMain] .e.DevToolsPropertyDefaultsPostProcessor : For additional web related logging consider setting the 'logging.level.web' property to 'DEBUG'
2022-06-01 11:16:32.117  INFO 23872 --- [  restartedMain] .s.d.r.c.RepositoryConfigurationDelegate : Multiple Spring Data modules found, entering strict repository configuration mode!
2022-06-01 11:16:32.120  INFO 23872 --- [  restartedMain] .s.d.r.c.RepositoryConfigurationDelegate : Bootstrapping Spring Data Redis repositories in DEFAULT mode.
2022-06-01 11:16:32.166  INFO 23872 --- [  restartedMain] .s.d.r.c.RepositoryConfigurationDelegate : Finished Spring Data repository scanning in 21 ms. Found 0 Redis repository interfaces.
2022-06-01 11:16:32.976  INFO 23872 --- [  restartedMain] o.s.b.w.embedded.tomcat.TomcatWebServer  : Tomcat initialized with port(s): 8080 (http)
2022-06-01 11:16:32.988  INFO 23872 --- [  restartedMain] o.a.coyote.http11.Http11NioProtocol      : Initializing ProtocolHandler ["http-nio-8080"]
2022-06-01 11:16:32.989  INFO 23872 --- [  restartedMain] o.apache.catalina.core.StandardService   : Starting service [Tomcat]
2022-06-01 11:16:32.989  INFO 23872 --- [  restartedMain] org.apache.catalina.core.StandardEngine  : Starting Servlet engine: [Apache Tomcat/9.0.56]
2022-06-01 11:16:33.100  INFO 23872 --- [  restartedMain] o.a.c.c.C.[Tomcat].[localhost].[/]       : Initializing Spring embedded WebApplicationContext
2022-06-01 11:16:33.100  INFO 23872 --- [  restartedMain] w.s.c.ServletWebServerApplicationContext : Root WebApplicationContext: initialization completed in 2108 ms
2022-06-01 11:16:33.206  INFO 23872 --- [  restartedMain] c.a.d.s.b.a.DruidDataSourceAutoConfigure : Init DruidDataSource
2022-06-01 11:16:33.439  INFO 23872 --- [  restartedMain] com.alibaba.druid.pool.DruidDataSource   : {dataSource-1} inited
2022-06-01 11:16:34.673  INFO 23872 --- [  restartedMain] o.s.b.d.a.OptionalLiveReloadServer       : LiveReload server is running on port 35729
2022-06-01 11:16:34.714  INFO 23872 --- [  restartedMain] o.a.coyote.http11.Http11NioProtocol      : Starting ProtocolHandler ["http-nio-8080"]
2022-06-01 11:16:34.739  INFO 23872 --- [  restartedMain] o.s.b.w.embedded.tomcat.TomcatWebServer  : Tomcat started on port(s): 8080 (http) with context path ''
2022-06-01 11:16:36.679  INFO 23872 --- [  restartedMain] tpcs.TpcsApplication                     : Started TpcsApplication in 6.478 seconds (JVM running for 8.154)
2022-06-01 11:17:10.304  INFO 23872 --- [nio-8080-exec-1] o.a.c.c.C.[Tomcat].[localhost].[/]       : Initializing Spring DispatcherServlet 'dispatcherServlet'
2022-06-01 11:17:10.306  INFO 23872 --- [nio-8080-exec-1] o.s.web.servlet.DispatcherServlet        : Initializing Servlet 'dispatcherServlet'
2022-06-01 11:17:10.308  INFO 23872 --- [nio-8080-exec-1] o.s.web.servlet.DispatcherServlet        : Completed initialization in 2 ms
2022-06-01 11:26:05.603  INFO 23872 --- [ionShutdownHook] com.alibaba.druid.pool.DruidDataSource   : {dataSource-1} closing ...
2022-06-01 11:26:05.606  INFO 23872 --- [ionShutdownHook] com.alibaba.druid.pool.DruidDataSource   : {dataSource-1} closed
